<?xml version="1.0" encoding="UTF-8"?>
<!-- Generated by org.testng.reporters.JUnitReportReporter -->
<testsuite hostname="DESKTOP-CC3F67C" failures="0" tests="1" name="com.maxx.testscript.UserModule" time="14.621" errors="0" timestamp="2024-12-14T08:51:01 IST" skipped="0">
  <testcase classname="com.maxx.testscript.UserModule" name="addAndDeleteUser" time="14.621"/>
  <system-out>
    <![CDATA[addAndDeleteUser has got passed]]>
  </system-out>
</testsuite> <!-- com.maxx.testscript.UserModule -->
